2018-01-05 10:12:31.238 [main] DEBUG com.hailong.o2o.dao.ShopDao.queryShopList-ooo Using Connection [com.mchange.v2.c3p0.impl.NewProxyConnection@3e6104fc]
2018-01-05 10:12:31.253 [main] DEBUG com.hailong.o2o.dao.ShopDao.queryShopList-==>  Preparing: select s.shop_id, s.shop_name, s.shop_desc, s.shop_addr, s.phone, s.shop_img, s.priority, s.create_time, s.last_edit_time, s.enable_status, s.owner_id, s.advice, a.area_id, a.area_name, c.shop_category_id, c.shop_category_name, from tb_shop_category c, tb_area a, tb_shop s, WHERE a.area_id=? and a.area_id=s.area_id and c.shop_category_id=s.shop_category_id order by priority desc limit ?,?; 
2018-01-05 10:12:31.283 [main] DEBUG com.hailong.o2o.dao.ShopDao.queryShopList-==> Parameters: 2(Integer), 0(Integer), 3(Integer)
2018-01-05 10:14:14.569 [main] DEBUG com.hailong.o2o.dao.ShopDao.queryShopList-ooo Using Connection [com.mchange.v2.c3p0.impl.NewProxyConnection@3e6104fc]
2018-01-05 10:14:14.573 [main] DEBUG com.hailong.o2o.dao.ShopDao.queryShopList-==>  Preparing: select s.shop_id, s.shop_name, s.shop_desc, s.shop_addr, s.phone, s.shop_img, s.priority, s.create_time, s.last_edit_time, s.enable_status, s.owner_id, s.advice, a.area_id, a.area_name, c.shop_category_id, c.shop_category_name, from tb_shop_category c, tb_area a, tb_shop s WHERE a.area_id=? and a.area_id=s.area_id and c.shop_category_id=s.shop_category_id order by priority desc limit ?,?; 
2018-01-05 10:14:14.597 [main] DEBUG com.hailong.o2o.dao.ShopDao.queryShopList-==> Parameters: 2(Integer), 0(Integer), 3(Integer)
2018-01-05 10:18:07.970 [main] DEBUG com.hailong.o2o.dao.ShopDao.queryShopList-ooo Using Connection [com.mchange.v2.c3p0.impl.NewProxyConnection@3e6104fc]
2018-01-05 10:18:07.975 [main] DEBUG com.hailong.o2o.dao.ShopDao.queryShopList-==>  Preparing: select s.shop_id, s.shop_name, s.shop_desc, s.shop_addr, s.phone, s.shop_img, s.priority, s.create_time, s.last_edit_time, s.enable_status, s.owner_id, s.advice, a.area_id, a.area_name, c.shop_category_id, c.shop_category_name from tb_shop_category c, tb_area a, tb_shop s WHERE a.area_id=? and a.area_id=s.area_id and c.shop_category_id=s.shop_category_id order by priority desc limit ?,?; 
2018-01-05 10:18:08.001 [main] DEBUG com.hailong.o2o.dao.ShopDao.queryShopList-==> Parameters: 2(Integer), 0(Integer), 3(Integer)
2018-01-05 10:18:08.014 [main] DEBUG com.hailong.o2o.dao.ShopDao.queryShopList-<==      Total: 3
2018-01-05 10:18:33.093 [main] DEBUG com.hailong.o2o.dao.ShopDao.queryShopList-ooo Using Connection [com.mchange.v2.c3p0.impl.NewProxyConnection@3e6104fc]
2018-01-05 10:18:33.101 [main] DEBUG com.hailong.o2o.dao.ShopDao.queryShopList-==>  Preparing: select s.shop_id, s.shop_name, s.shop_desc, s.shop_addr, s.phone, s.shop_img, s.priority, s.create_time, s.last_edit_time, s.enable_status, s.owner_id, s.advice, a.area_id, a.area_name, c.shop_category_id, c.shop_category_name from tb_shop_category c, tb_area a, tb_shop s WHERE a.area_id=? and a.area_id=s.area_id and c.shop_category_id=s.shop_category_id order by priority desc limit ?,?; 
2018-01-05 10:18:33.131 [main] DEBUG com.hailong.o2o.dao.ShopDao.queryShopList-==> Parameters: 2(Integer), 0(Integer), 3(Integer)
2018-01-05 10:18:33.144 [main] DEBUG com.hailong.o2o.dao.ShopDao.queryShopList-<==      Total: 3
2018-01-05 10:18:46.832 [main] DEBUG com.hailong.o2o.dao.ShopDao.queryShopList-ooo Using Connection [com.mchange.v2.c3p0.impl.NewProxyConnection@143d9a93]
2018-01-05 10:18:46.845 [main] DEBUG com.hailong.o2o.dao.ShopDao.queryShopList-==>  Preparing: select s.shop_id, s.shop_name, s.shop_desc, s.shop_addr, s.phone, s.shop_img, s.priority, s.create_time, s.last_edit_time, s.enable_status, s.owner_id, s.advice, a.area_id, a.area_name, c.shop_category_id, c.shop_category_name from tb_shop_category c, tb_area a, tb_shop s WHERE a.area_id=? and a.area_id=s.area_id and c.shop_category_id=s.shop_category_id order by priority desc limit ?,?; 
2018-01-05 10:18:46.864 [main] DEBUG com.hailong.o2o.dao.ShopDao.queryShopList-==> Parameters: 2(Integer), 0(Integer), 7(Integer)
2018-01-05 10:18:46.881 [main] DEBUG com.hailong.o2o.dao.ShopDao.queryShopList-<==      Total: 7
2018-01-05 10:19:34.924 [main] DEBUG com.hailong.o2o.dao.ShopDao.queryShopList-ooo Using Connection [com.mchange.v2.c3p0.impl.NewProxyConnection@3e6104fc]
2018-01-05 10:19:34.927 [main] DEBUG com.hailong.o2o.dao.ShopDao.queryShopList-==>  Preparing: select s.shop_id, s.shop_name, s.shop_desc, s.shop_addr, s.phone, s.shop_img, s.priority, s.create_time, s.last_edit_time, s.enable_status, s.owner_id, s.advice, a.area_id, a.area_name, c.shop_category_id, c.shop_category_name from tb_shop_category c, tb_area a, tb_shop s WHERE a.area_id=? and s.enable_status=? and a.area_id=s.area_id and c.shop_category_id=s.shop_category_id order by priority desc limit ?,?; 
2018-01-05 10:19:34.945 [main] DEBUG com.hailong.o2o.dao.ShopDao.queryShopList-==> Parameters: 2(Integer), 0(Integer), 0(Integer), 4(Integer)
2018-01-05 10:19:34.961 [main] DEBUG com.hailong.o2o.dao.ShopDao.queryShopList-<==      Total: 4
2018-01-05 10:21:43.774 [main] DEBUG com.hailong.o2o.dao.ShopDao.queryShopList-ooo Using Connection [com.mchange.v2.c3p0.impl.NewProxyConnection@3e6104fc]
2018-01-05 10:21:43.778 [main] DEBUG com.hailong.o2o.dao.ShopDao.queryShopList-==>  Preparing: select s.shop_id, s.shop_name, s.shop_desc, s.shop_addr, s.phone, s.shop_img, s.priority, s.create_time, s.last_edit_time, s.enable_status, s.owner_id, s.advice, a.area_id, a.area_name, c.shop_category_id, c.shop_category_name from tb_shop_category c, tb_area a, tb_shop s WHERE a.area_id=? and s.enable_status=? and a.area_id=s.area_id and c.shop_category_id=s.shop_category_id order by priority desc limit ?,?; 
2018-01-05 10:21:43.819 [main] DEBUG com.hailong.o2o.dao.ShopDao.queryShopList-==> Parameters: 2(Integer), 0(Integer), 0(Integer), 4(Integer)
2018-01-05 10:21:43.839 [main] DEBUG com.hailong.o2o.dao.ShopDao.queryShopList-<==      Total: 4
2018-01-05 10:21:43.845 [main] DEBUG com.hailong.o2o.dao.ShopDao.selectShopCount-ooo Using Connection [com.mchange.v2.c3p0.impl.NewProxyConnection@3b7d3a38]
2018-01-05 10:21:43.845 [main] DEBUG com.hailong.o2o.dao.ShopDao.selectShopCount-==>  Preparing: select count(1) from tb_shop WHERE a.area_id=s.area_id and c.shop_category_id=s.shop_category_id 
2018-01-05 10:21:43.845 [main] DEBUG com.hailong.o2o.dao.ShopDao.selectShopCount-==> Parameters: 
2018-01-05 10:23:29.490 [main] DEBUG com.hailong.o2o.dao.ShopDao.queryShopList-ooo Using Connection [com.mchange.v2.c3p0.impl.NewProxyConnection@3e6104fc]
2018-01-05 10:23:29.493 [main] DEBUG com.hailong.o2o.dao.ShopDao.queryShopList-==>  Preparing: select s.shop_id, s.shop_name, s.shop_desc, s.shop_addr, s.phone, s.shop_img, s.priority, s.create_time, s.last_edit_time, s.enable_status, s.owner_id, s.advice, a.area_id, a.area_name, c.shop_category_id, c.shop_category_name from tb_shop_category c, tb_area a, tb_shop s WHERE a.area_id=? and s.enable_status=? and a.area_id=s.area_id and c.shop_category_id=s.shop_category_id order by priority desc limit ?,?; 
2018-01-05 10:23:29.522 [main] DEBUG com.hailong.o2o.dao.ShopDao.queryShopList-==> Parameters: 2(Integer), 0(Integer), 0(Integer), 4(Integer)
2018-01-05 10:23:29.536 [main] DEBUG com.hailong.o2o.dao.ShopDao.queryShopList-<==      Total: 4
2018-01-05 10:23:29.541 [main] DEBUG com.hailong.o2o.dao.ShopDao.selectShopCount-ooo Using Connection [com.mchange.v2.c3p0.impl.NewProxyConnection@3b7d3a38]
2018-01-05 10:23:29.541 [main] DEBUG com.hailong.o2o.dao.ShopDao.selectShopCount-==>  Preparing: select count(1) from tb_shop where a.area_id=s.area_id and c.shop_category_id=s.shop_category_id 
2018-01-05 10:23:29.542 [main] DEBUG com.hailong.o2o.dao.ShopDao.selectShopCount-==> Parameters: 
2018-01-05 10:24:56.201 [main] DEBUG com.hailong.o2o.dao.ShopDao.queryShopList-ooo Using Connection [com.mchange.v2.c3p0.impl.NewProxyConnection@3e6104fc]
2018-01-05 10:24:56.206 [main] DEBUG com.hailong.o2o.dao.ShopDao.queryShopList-==>  Preparing: select s.shop_id, s.shop_name, s.shop_desc, s.shop_addr, s.phone, s.shop_img, s.priority, s.create_time, s.last_edit_time, s.enable_status, s.owner_id, s.advice, a.area_id, a.area_name, c.shop_category_id, c.shop_category_name from tb_shop_category c, tb_area a, tb_shop s WHERE a.area_id=? and s.enable_status=? and a.area_id=s.area_id and c.shop_category_id=s.shop_category_id order by priority desc limit ?,?; 
2018-01-05 10:24:56.235 [main] DEBUG com.hailong.o2o.dao.ShopDao.queryShopList-==> Parameters: 2(Integer), 0(Integer), 0(Integer), 4(Integer)
2018-01-05 10:24:56.248 [main] DEBUG com.hailong.o2o.dao.ShopDao.queryShopList-<==      Total: 4
2018-01-05 10:24:56.253 [main] DEBUG com.hailong.o2o.dao.ShopDao.selectShopCount-ooo Using Connection [com.mchange.v2.c3p0.impl.NewProxyConnection@3b7d3a38]
2018-01-05 10:24:56.253 [main] DEBUG com.hailong.o2o.dao.ShopDao.selectShopCount-==>  Preparing: select count(1) from tb_shop_category c, tb_area a, tb_shop s where a.area_id=s.area_id and c.shop_category_id=s.shop_category_id 
2018-01-05 10:24:56.253 [main] DEBUG com.hailong.o2o.dao.ShopDao.selectShopCount-==> Parameters: 
2018-01-05 10:24:56.254 [main] DEBUG com.hailong.o2o.dao.ShopDao.selectShopCount-<==      Total: 1
2018-01-05 10:31:04.327 [main] DEBUG com.hailong.o2o.dao.ShopDao.queryShopList-ooo Using Connection [com.mchange.v2.c3p0.impl.NewProxyConnection@3e6104fc]
2018-01-05 10:31:04.335 [main] DEBUG com.hailong.o2o.dao.ShopDao.queryShopList-==>  Preparing: select s.shop_id, s.shop_name, s.shop_desc, s.shop_addr, s.phone, s.shop_img, s.priority, s.create_time, s.last_edit_time, s.enable_status, s.owner_id, s.advice, a.area_id, a.area_name, c.shop_category_id, c.shop_category_name from tb_shop_category c, tb_area a, tb_shop s WHERE a.area_id=? and s.enable_status=? and a.area_id=s.area_id and c.shop_category_id=s.shop_category_id order by priority desc limit ?,?; 
2018-01-05 10:31:04.367 [main] DEBUG com.hailong.o2o.dao.ShopDao.queryShopList-==> Parameters: 2(Integer), 0(Integer), 0(Integer), 4(Integer)
2018-01-05 10:31:04.382 [main] DEBUG com.hailong.o2o.dao.ShopDao.queryShopList-<==      Total: 4
2018-01-05 10:31:04.387 [main] DEBUG com.hailong.o2o.dao.ShopDao.selectShopCount-ooo Using Connection [com.mchange.v2.c3p0.impl.NewProxyConnection@3b7d3a38]
2018-01-05 10:31:04.387 [main] DEBUG com.hailong.o2o.dao.ShopDao.selectShopCount-==>  Preparing: select count(1) from tb_shop_category c, tb_area a, tb_shop s WHERE a.area_id=? and s.enable_status=? and a.area_id=s.area_id and c.shop_category_id=s.shop_category_id 
2018-01-05 10:31:04.388 [main] DEBUG com.hailong.o2o.dao.ShopDao.selectShopCount-==> Parameters: 2(Integer), 0(Integer)
2018-01-05 10:31:04.389 [main] DEBUG com.hailong.o2o.dao.ShopDao.selectShopCount-<==      Total: 1
2018-01-05 11:00:50.963 [main] DEBUG com.hailong.o2o.dao.ShopDao.queryShopList-ooo Using Connection [com.mchange.v2.c3p0.impl.NewProxyConnection@7c9b78e3]
2018-01-05 11:00:51.002 [main] DEBUG com.hailong.o2o.dao.ShopDao.queryShopList-==>  Preparing: select s.shop_id, s.shop_name, s.shop_desc, s.shop_addr, s.phone, s.shop_img, s.priority, s.create_time, s.last_edit_time, s.enable_status, s.owner_id, s.advice, a.area_id, a.area_name, c.shop_category_id, c.shop_category_name from tb_shop_category c, tb_area a, tb_shop s WHERE a.area_id=? and s.enable_status=? and a.area_id=s.area_id and c.shop_category_id=s.shop_category_id order by priority desc limit ?,?; 
2018-01-05 11:00:51.197 [main] DEBUG com.hailong.o2o.dao.ShopDao.queryShopList-==> Parameters: 2(Integer), 0(Integer), 0(Integer), 3(Integer)
2018-01-05 11:00:51.341 [main] DEBUG com.hailong.o2o.dao.ShopDao.queryShopList-<==      Total: 3
2018-01-05 11:00:51.350 [main] DEBUG com.hailong.o2o.dao.ShopDao.selectShopCount-ooo Using Connection [com.mchange.v2.c3p0.impl.NewProxyConnection@7c9b78e3]
2018-01-05 11:00:51.351 [main] DEBUG com.hailong.o2o.dao.ShopDao.selectShopCount-==>  Preparing: select count(1) from tb_shop_category c, tb_area a, tb_shop s WHERE a.area_id=? and s.enable_status=? and a.area_id=s.area_id and c.shop_category_id=s.shop_category_id 
2018-01-05 11:00:51.352 [main] DEBUG com.hailong.o2o.dao.ShopDao.selectShopCount-==> Parameters: 2(Integer), 0(Integer)
2018-01-05 11:00:51.354 [main] DEBUG com.hailong.o2o.dao.ShopDao.selectShopCount-<==      Total: 1
2018-01-05 11:02:28.372 [main] DEBUG com.hailong.o2o.dao.ShopDao.queryShopList-ooo Using Connection [com.mchange.v2.c3p0.impl.NewProxyConnection@6cce16f4]
2018-01-05 11:02:28.375 [main] DEBUG com.hailong.o2o.dao.ShopDao.queryShopList-==>  Preparing: select s.shop_id, s.shop_name, s.shop_desc, s.shop_addr, s.phone, s.shop_img, s.priority, s.create_time, s.last_edit_time, s.enable_status, s.owner_id, s.advice, a.area_id, a.area_name, c.shop_category_id, c.shop_category_name from tb_shop_category c, tb_area a, tb_shop s WHERE a.area_id=? and s.enable_status=? and a.area_id=s.area_id and c.shop_category_id=s.shop_category_id order by priority desc limit ?,?; 
2018-01-05 11:02:28.393 [main] DEBUG com.hailong.o2o.dao.ShopDao.queryShopList-==> Parameters: 2(Integer), 0(Integer), 0(Integer), 3(Integer)
2018-01-05 11:02:28.407 [main] DEBUG com.hailong.o2o.dao.ShopDao.queryShopList-<==      Total: 3
2018-01-05 11:02:28.412 [main] DEBUG com.hailong.o2o.dao.ShopDao.selectShopCount-ooo Using Connection [com.mchange.v2.c3p0.impl.NewProxyConnection@6cce16f4]
2018-01-05 11:02:28.413 [main] DEBUG com.hailong.o2o.dao.ShopDao.selectShopCount-==>  Preparing: select count(1) from tb_shop_category c, tb_area a, tb_shop s WHERE a.area_id=? and s.enable_status=? and a.area_id=s.area_id and c.shop_category_id=s.shop_category_id 
2018-01-05 11:02:28.413 [main] DEBUG com.hailong.o2o.dao.ShopDao.selectShopCount-==> Parameters: 2(Integer), 0(Integer)
2018-01-05 11:02:28.413 [main] DEBUG com.hailong.o2o.dao.ShopDao.selectShopCount-<==      Total: 1
2018-01-05 11:02:37.779 [main] DEBUG com.hailong.o2o.dao.ShopDao.queryShopList-ooo Using Connection [com.mchange.v2.c3p0.impl.NewProxyConnection@6cce16f4]
2018-01-05 11:02:37.782 [main] DEBUG com.hailong.o2o.dao.ShopDao.queryShopList-==>  Preparing: select s.shop_id, s.shop_name, s.shop_desc, s.shop_addr, s.phone, s.shop_img, s.priority, s.create_time, s.last_edit_time, s.enable_status, s.owner_id, s.advice, a.area_id, a.area_name, c.shop_category_id, c.shop_category_name from tb_shop_category c, tb_area a, tb_shop s WHERE a.area_id=? and s.enable_status=? and a.area_id=s.area_id and c.shop_category_id=s.shop_category_id order by priority desc limit ?,?; 
2018-01-05 11:02:37.801 [main] DEBUG com.hailong.o2o.dao.ShopDao.queryShopList-==> Parameters: 2(Integer), 0(Integer), 0(Integer), 4(Integer)
2018-01-05 11:02:37.815 [main] DEBUG com.hailong.o2o.dao.ShopDao.queryShopList-<==      Total: 4
2018-01-05 11:02:37.820 [main] DEBUG com.hailong.o2o.dao.ShopDao.selectShopCount-ooo Using Connection [com.mchange.v2.c3p0.impl.NewProxyConnection@6cce16f4]
2018-01-05 11:02:37.820 [main] DEBUG com.hailong.o2o.dao.ShopDao.selectShopCount-==>  Preparing: select count(1) from tb_shop_category c, tb_area a, tb_shop s WHERE a.area_id=? and s.enable_status=? and a.area_id=s.area_id and c.shop_category_id=s.shop_category_id 
2018-01-05 11:02:37.820 [main] DEBUG com.hailong.o2o.dao.ShopDao.selectShopCount-==> Parameters: 2(Integer), 0(Integer)
2018-01-05 11:02:37.821 [main] DEBUG com.hailong.o2o.dao.ShopDao.selectShopCount-<==      Total: 1
2018-01-05 11:03:21.491 [main] DEBUG com.hailong.o2o.dao.ShopDao.queryShopList-ooo Using Connection [com.mchange.v2.c3p0.impl.NewProxyConnection@6cce16f4]
2018-01-05 11:03:21.494 [main] DEBUG com.hailong.o2o.dao.ShopDao.queryShopList-==>  Preparing: select s.shop_id, s.shop_name, s.shop_desc, s.shop_addr, s.phone, s.shop_img, s.priority, s.create_time, s.last_edit_time, s.enable_status, s.owner_id, s.advice, a.area_id, a.area_name, c.shop_category_id, c.shop_category_name from tb_shop_category c, tb_area a, tb_shop s WHERE a.area_id=? and s.enable_status=? and a.area_id=s.area_id and c.shop_category_id=s.shop_category_id order by priority desc limit ?,?; 
2018-01-05 11:03:21.512 [main] DEBUG com.hailong.o2o.dao.ShopDao.queryShopList-==> Parameters: 2(Integer), 0(Integer), 0(Integer), 4(Integer)
2018-01-05 11:03:21.526 [main] DEBUG com.hailong.o2o.dao.ShopDao.queryShopList-<==      Total: 4
2018-01-05 11:03:21.531 [main] DEBUG com.hailong.o2o.dao.ShopDao.selectShopCount-ooo Using Connection [com.mchange.v2.c3p0.impl.NewProxyConnection@6cce16f4]
2018-01-05 11:03:21.531 [main] DEBUG com.hailong.o2o.dao.ShopDao.selectShopCount-==>  Preparing: select count(1) from tb_shop_category c, tb_area a, tb_shop s WHERE a.area_id=? and s.enable_status=? and a.area_id=s.area_id and c.shop_category_id=s.shop_category_id 
2018-01-05 11:03:21.531 [main] DEBUG com.hailong.o2o.dao.ShopDao.selectShopCount-==> Parameters: 2(Integer), 0(Integer)
2018-01-05 11:03:21.532 [main] DEBUG com.hailong.o2o.dao.ShopDao.selectShopCount-<==      Total: 1
2018-01-05 11:03:31.409 [main] DEBUG com.hailong.o2o.dao.ShopDao.queryShopList-ooo Using Connection [com.mchange.v2.c3p0.impl.NewProxyConnection@6cce16f4]
2018-01-05 11:03:31.413 [main] DEBUG com.hailong.o2o.dao.ShopDao.queryShopList-==>  Preparing: select s.shop_id, s.shop_name, s.shop_desc, s.shop_addr, s.phone, s.shop_img, s.priority, s.create_time, s.last_edit_time, s.enable_status, s.owner_id, s.advice, a.area_id, a.area_name, c.shop_category_id, c.shop_category_name from tb_shop_category c, tb_area a, tb_shop s WHERE a.area_id=? and s.enable_status=? and a.area_id=s.area_id and c.shop_category_id=s.shop_category_id order by priority desc limit ?,?; 
2018-01-05 11:03:31.430 [main] DEBUG com.hailong.o2o.dao.ShopDao.queryShopList-==> Parameters: 2(Integer), 0(Integer), 4(Integer), 4(Integer)
2018-01-05 11:03:31.443 [main] DEBUG com.hailong.o2o.dao.ShopDao.queryShopList-<==      Total: 2
2018-01-05 11:03:31.448 [main] DEBUG com.hailong.o2o.dao.ShopDao.selectShopCount-ooo Using Connection [com.mchange.v2.c3p0.impl.NewProxyConnection@6cce16f4]
2018-01-05 11:03:31.448 [main] DEBUG com.hailong.o2o.dao.ShopDao.selectShopCount-==>  Preparing: select count(1) from tb_shop_category c, tb_area a, tb_shop s WHERE a.area_id=? and s.enable_status=? and a.area_id=s.area_id and c.shop_category_id=s.shop_category_id 
2018-01-05 11:03:31.448 [main] DEBUG com.hailong.o2o.dao.ShopDao.selectShopCount-==> Parameters: 2(Integer), 0(Integer)
2018-01-05 11:03:31.449 [main] DEBUG com.hailong.o2o.dao.ShopDao.selectShopCount-<==      Total: 1
